 
2019-12-04 19:47:42: [object Object] 
2019-12-04 20:06:28: [object Object] 
2019-12-04 20:06:28: { status: false,
  organizationName: 'puresoftware1',
  logo: 'logo.jpg',
  address: 'dfsdfsdfs',
  contactNo: '1234567890',
  pinCode: 201301,
  createdAt: 2019-06-04T00:00:00.000Z,
  _id: 2,
  __v: 0 } 
2019-12-04 20:06:36: [object Object] 
2019-12-04 20:06:49: [object Object] 
2019-12-04 20:08:58: [object Object] 
2019-12-04 20:11:00: [object Object] 
2019-12-04 20:11:29: [object Object] 
2019-12-04 20:14:56: info app is running on port 3002 true 
2019-12-04 20:14:56: mongo database connected ... 
2019-12-04 20:15:02: info app is running on port 3002 true 
2019-12-04 20:15:02: mongo database connected ... 
2019-12-04 20:15:03: info app is running on port 3002 true 
2019-12-04 20:15:03: mongo database connected ... 
2019-12-04 20:15:06: info app is running on port 3002 true 
2019-12-04 20:15:06: mongo database connected ... 
2019-12-04 20:15:32: info app is running on port 3002 true 
2019-12-04 20:15:32: mongo database connected ... 
2019-12-04 20:15:48: info app is running on port 3002 true 
2019-12-04 20:15:48: mongo database connected ... 
2019-12-04 20:15:50: info app is running on port 3002 true 
2019-12-04 20:15:50: mongo database connected ... 
2019-12-04 20:16:29: [object Object] 
2019-12-05 11:35:01: [object Object] 
2019-12-05 11:35:29: [object Object] 
