2019-12-05 11:37:13: info app is running on port 3002 true 
2019-12-05 11:37:13: mongo database connected ... 
2019-12-05 11:37:28: info app is running on port 3002 true 
2019-12-05 11:37:29: mongo database connected ... 
2019-12-05 11:37:32: [object Object] 
2019-12-05 15:03:31: info app is running on port 3002 true 
2019-12-05 15:03:32: mongo database connected ... 
2019-12-05 15:03:38: info app is running on port 3002 true 
2019-12-05 15:03:38: mongo database connected ... 
2019-12-05 15:03:40: info app is running on port 3002 true 
2019-12-05 15:03:40: mongo database connected ... 
2019-12-05 15:03:45: [object Object] 
2019-12-05 15:06:30: [object Object] 
2019-12-05 15:08:13: info app is running on port 3002 true 
2019-12-05 15:08:13: mongo database connected ... 
2019-12-05 15:08:22: [object Object] 
2019-12-05 15:08:22: true 
2019-12-05 15:08:37: info app is running on port 3002 true 
2019-12-05 15:08:37: mongo database connected ... 
2019-12-05 15:09:21: info app is running on port 3002 true 
2019-12-05 15:09:21: mongo database connected ... 
2019-12-05 15:09:24: [object Object] 
2019-12-05 15:09:24: 2 
2019-12-05 15:09:33: info app is running on port 3002 true 
2019-12-05 15:09:33: mongo database connected ... 
2019-12-05 15:12:18: [object Object] 
2019-12-05 15:13:34: info app is running on port 3002 true 
2019-12-05 15:13:35: mongo database connected ... 
2019-12-05 15:14:46: [object Object] 
2019-12-05 15:15:44: info app is running on port 3002 true 
2019-12-05 15:15:44: mongo database connected ... 
2019-12-05 15:15:53: info app is running on port 3002 true 
2019-12-05 15:15:53: mongo database connected ... 
2019-12-05 15:16:01: [object Object] 
2019-12-05 15:16:53: info app is running on port 3002 true 
2019-12-05 15:16:53: mongo database connected ... 
2019-12-05 15:16:58: info app is running on port 3002 true 
2019-12-05 15:16:58: mongo database connected ... 
2019-12-05 15:17:00: [object Object] 
2019-12-05 15:17:12: [object Object] 
2019-12-05 15:17:32: info app is running on port 3002 true 
2019-12-05 15:17:32: mongo database connected ... 
2019-12-05 15:17:42: info app is running on port 3002 true 
2019-12-05 15:17:42: mongo database connected ... 
2019-12-05 15:17:50: [object Object] 
2019-12-05 15:18:47: info app is running on port 3002 true 
2019-12-05 15:18:47: mongo database connected ... 
2019-12-05 15:18:48: [object Object] 
2019-12-05 15:19:19: info app is running on port 3002 true 
2019-12-05 15:19:19: mongo database connected ... 
2019-12-05 15:19:21: [object Object] 
2019-12-05 15:20:50: info app is running on port 3002 true 
2019-12-05 15:20:50: mongo database connected ... 
2019-12-05 15:20:51: [object Object] 
2019-12-05 15:23:08: [object Object] 
2019-12-05 15:24:08: [object Object] 
2019-12-05 15:25:10: [object Object] 
2019-12-05 15:25:29: [object Object] 
2019-12-05 15:26:19: info app is running on port 3002 true 
2019-12-05 15:26:19: mongo database connected ... 
2019-12-05 15:26:25: [object Object] 
2019-12-05 15:26:52: info app is running on port 3002 true 
2019-12-05 15:26:52: mongo database connected ... 
2019-12-05 15:26:54: info app is running on port 3002 true 
2019-12-05 15:26:55: mongo database connected ... 
2019-12-05 15:27:00: info app is running on port 3002 true 
2019-12-05 15:27:00: mongo database connected ... 
2019-12-05 15:27:04: info app is running on port 3002 true 
2019-12-05 15:27:04: mongo database connected ... 
2019-12-05 15:27:05: [object Object] 
2019-12-05 15:27:33: info app is running on port 3002 true 
2019-12-05 15:27:33: mongo database connected ... 
2019-12-05 15:27:36: [object Object] 
2019-12-05 15:27:38: { status: false,
  _id: 5de8b1681d66827fe90ccf1b,
  organizationName: 'demo',
  address: 'dfdfgdf',
  contactNo: '12345',
  pinCode: 111,
  logo: '44sdfsdf',
  __v: 0 } 
2019-12-05 15:27:41: [object Object] 
2019-12-05 15:27:41: { status: false,
  _id: 5de8b16d1d66827fe90ccf1c,
  organizationName: 'demo',
  address: 'dfdfgdf',
  contactNo: '12345',
  pinCode: 111,
  logo: '44sdfsdf',
  __v: 0 } 
2019-12-05 15:27:42: [object Object] 
2019-12-05 15:27:42: { status: false,
  _id: 5de8b16e1d66827fe90ccf1d,
  organizationName: 'demo',
  address: 'dfdfgdf',
  contactNo: '12345',
  pinCode: 111,
  logo: '44sdfsdf',
  __v: 0 } 
2019-12-05 16:28:01: [object Object] 
2019-12-05 16:28:02: { status: true, _id: 5de8bf911d66827fe90ccf1e, __v: 0 } 
2019-12-05 16:28:33: info app is running on port 3002 true 
2019-12-05 16:28:33: mongo database connected ... 
2019-12-05 16:28:39: info app is running on port 3002 true 
2019-12-05 16:28:39: mongo database connected ... 
2019-12-05 16:28:40: [object Object] 
2019-12-05 16:28:40: { status: true, _id: 5de8bfb85240b10ac3f6fa0e, __v: 0 } 
2019-12-05 19:17:37: info app is running on port 3002 true 
2019-12-05 19:17:38: mongo database connected ... 
2019-12-05 19:19:03: [object Object] 
2019-12-05 19:19:04: { status: true, _id: 5de8e7a7ee6a32304abc276f, __v: 0 } 
2019-12-05 19:19:11: [object Object] 
2019-12-05 19:19:11: { status: true, _id: 5de8e7afee6a32304abc2770, __v: 0 } 
2019-12-05 19:20:11: [object Object] 
2019-12-05 19:20:11: { status: true, _id: 5de8e7ebee6a32304abc2771, __v: 0 } 
2019-12-05 19:20:31: [object Object] 
2019-12-05 19:20:31: { status: true,
  _id: 5de8e7ffee6a32304abc2772,
  organizationName: 'puresoftware123',
  logo: 'logo.jpg',
  address: 'dfsdfsdfs',
  contactNo: '1234567890',
  pinCode: 201301,
  __v: 0 } 
2019-12-05 19:55:21: info app is running on port 3002 true 
2019-12-05 19:55:21: mongo database connected ... 
2019-12-05 19:55:28: info app is running on port 3002 true 
2019-12-05 19:55:28: mongo database connected ... 
2019-12-05 19:55:41: [object Object] 
2019-12-05 19:57:12: info app is running on port 3002 true 
2019-12-05 19:57:12: mongo database connected ... 
2019-12-05 19:57:21: [object Object] 
2019-12-05 19:58:01: info app is running on port 3002 true 
2019-12-05 19:58:01: mongo database connected ... 
2019-12-05 19:58:04: [object Object] 
