2019-12-06 11:33:06: info app is running on port 3002 true 
2019-12-06 11:33:06: mongo database connected ... 
2019-12-06 11:33:08: info app is running on port 3002 true 
2019-12-06 11:33:08: mongo database connected ... 
2019-12-06 11:35:55: info app is running on port 3002 true 
2019-12-06 11:35:55: mongo database connected ... 
2019-12-06 11:36:03: [object Object] 
2019-12-06 11:36:12: [object Object] 
2019-12-06 11:36:46: info app is running on port 3002 true 
2019-12-06 11:36:46: mongo database connected ... 
2019-12-06 11:36:50: [object Object] 
2019-12-06 11:37:16: info app is running on port 3002 true 
2019-12-06 11:37:17: mongo database connected ... 
2019-12-06 11:37:17: [object Object] 
2019-12-06 11:37:36: info app is running on port 3002 true 
2019-12-06 11:37:36: mongo database connected ... 
2019-12-06 11:37:38: [object Object] 
2019-12-06 11:37:49: info app is running on port 3002 true 
2019-12-06 11:37:49: mongo database connected ... 
2019-12-06 11:37:51: [object Object] 
2019-12-06 11:37:51: { status: true,
  _id: 5de9cd0f96e90a439797eb41,
  organizationName: 'puresoftware123',
  logo: 'logo.jpg',
  address: 'dfsdfsdfs',
  contactNo: '1234567890',
  pinCode: 201301,
  __v: 0 } 
2019-12-06 11:38:04: info app is running on port 3002 true 
2019-12-06 11:38:04: mongo database connected ... 
2019-12-06 11:38:39: info app is running on port 3002 true 
2019-12-06 11:38:39: mongo database connected ... 
2019-12-06 11:38:42: [object Object] 
2019-12-06 11:38:42: 11 
2019-12-06 11:39:05: info app is running on port 3002 true 
2019-12-06 11:39:05: mongo database connected ... 
2019-12-06 11:39:10: [object Object] 
2019-12-06 11:39:10: 11 
2019-12-06 11:39:10: 11 
2019-12-06 11:39:10: { status: true,
  organizationName: 'puresoftware123',
  logo: 'logo.jpg',
  address: 'dfsdfsdfs',
  contactNo: '1234567890',
  pinCode: 201301,
  _id: 11,
  __v: 0 } 
2019-12-06 11:39:14: [object Object] 
2019-12-06 11:39:14: 12 
2019-12-06 11:39:14: 12 
2019-12-06 11:39:14: { status: true,
  organizationName: 'puresoftware123',
  logo: 'logo.jpg',
  address: 'dfsdfsdfs',
  contactNo: '1234567890',
  pinCode: 201301,
  _id: 12,
  __v: 0 } 
2019-12-06 11:39:15: [object Object] 
2019-12-06 11:39:15: 13 
2019-12-06 11:39:15: 13 
2019-12-06 11:39:15: { status: true,
  organizationName: 'puresoftware123',
  logo: 'logo.jpg',
  address: 'dfsdfsdfs',
  contactNo: '1234567890',
  pinCode: 201301,
  _id: 13,
  __v: 0 } 
2019-12-06 11:39:15: [object Object] 
2019-12-06 11:39:15: 14 
2019-12-06 11:39:15: 14 
2019-12-06 11:39:15: { status: true,
  organizationName: 'puresoftware123',
  logo: 'logo.jpg',
  address: 'dfsdfsdfs',
  contactNo: '1234567890',
  pinCode: 201301,
  _id: 14,
  __v: 0 } 
2019-12-06 11:39:16: [object Object] 
2019-12-06 11:39:16: 15 
2019-12-06 11:39:16: 15 
2019-12-06 11:39:16: { status: true,
  organizationName: 'puresoftware123',
  logo: 'logo.jpg',
  address: 'dfsdfsdfs',
  contactNo: '1234567890',
  pinCode: 201301,
  _id: 15,
  __v: 0 } 
2019-12-06 11:39:17: [object Object] 
2019-12-06 11:39:17: 16 
2019-12-06 11:39:17: 16 
2019-12-06 11:39:17: { status: true,
  organizationName: 'puresoftware123',
  logo: 'logo.jpg',
  address: 'dfsdfsdfs',
  contactNo: '1234567890',
  pinCode: 201301,
  _id: 16,
  __v: 0 } 
2019-12-06 11:39:17: [object Object] 
2019-12-06 11:39:17: 17 
2019-12-06 11:39:17: 17 
2019-12-06 11:39:17: { status: true,
  organizationName: 'puresoftware123',
  logo: 'logo.jpg',
  address: 'dfsdfsdfs',
  contactNo: '1234567890',
  pinCode: 201301,
  _id: 17,
  __v: 0 } 
2019-12-06 11:39:18: [object Object] 
2019-12-06 11:39:18: 18 
2019-12-06 11:39:18: 18 
2019-12-06 11:39:18: { status: true,
  organizationName: 'puresoftware123',
  logo: 'logo.jpg',
  address: 'dfsdfsdfs',
  contactNo: '1234567890',
  pinCode: 201301,
  _id: 18,
  __v: 0 } 
2019-12-06 11:39:19: [object Object] 
2019-12-06 11:39:19: 19 
2019-12-06 11:39:19: 19 
2019-12-06 11:39:19: { status: true,
  organizationName: 'puresoftware123',
  logo: 'logo.jpg',
  address: 'dfsdfsdfs',
  contactNo: '1234567890',
  pinCode: 201301,
  _id: 19,
  __v: 0 } 
2019-12-06 11:39:19: [object Object] 
2019-12-06 11:39:19: 20 
2019-12-06 11:39:19: 20 
2019-12-06 11:39:19: { status: true,
  organizationName: 'puresoftware123',
  logo: 'logo.jpg',
  address: 'dfsdfsdfs',
  contactNo: '1234567890',
  pinCode: 201301,
  _id: 20,
  __v: 0 } 
2019-12-06 11:42:19: info app is running on port 3002 true 
2019-12-06 11:42:19: mongo database connected ... 
2019-12-06 11:42:22: info app is running on port 3002 true 
2019-12-06 11:42:22: mongo database connected ... 
2019-12-06 11:42:30: info app is running on port 3002 true 
2019-12-06 11:42:30: mongo database connected ... 
2019-12-06 12:16:06: [object Object] 
2019-12-06 12:16:34: [object Object] 
2019-12-06 12:16:35: 21 
2019-12-06 12:16:35: 21 
2019-12-06 12:16:35: { status: true,
  organizationName: 'puresoftware123',
  logo: 'logo.jpg',
  address: 'dfsdfsdfs',
  contactNo: '1234567890',
  pinCode: 201301,
  _id: 21,
  __v: 0 } 
2019-12-06 13:20:37: info app is running on port 3002 true 
2019-12-06 13:20:37: mongo database connected ... 
2019-12-06 13:24:24: info app is running on port 3002 true 
2019-12-06 13:24:25: mongo database connected ... 
2019-12-06 13:24:27: info app is running on port 3002 true 
2019-12-06 13:24:27: mongo database connected ... 
2019-12-06 13:24:57: info app is running on port 3002 true 
2019-12-06 13:24:57: mongo database connected ... 
2019-12-06 13:50:09: info app is running on port 3002 true 
2019-12-06 13:50:09: mongo database connected ... 
2019-12-06 14:01:25: info app is running on port 3002 true 
2019-12-06 14:01:25: mongo database connected ... 
2019-12-06 14:01:34: info app is running on port 3002 true 
2019-12-06 14:01:34: mongo database connected ... 
2019-12-06 14:01:51: [object Object] 
2019-12-06 14:01:51: 22 
2019-12-06 14:01:51: 22 
2019-12-06 14:01:51: { status: true,
  organizationName: 'puresoftware123',
  logo: 'logo.jpg',
  address: 'dfsdfsdfs',
  contactNo: '1234567890',
  pinCode: 201301,
  _id: 22,
  __v: 0 } 
2019-12-06 14:01:56: [object Object] 
2019-12-06 14:01:56: 23 
2019-12-06 14:01:56: 23 
2019-12-06 14:01:56: { status: true,
  organizationName: 'puresoftware123',
  logo: 'logo.jpg',
  address: 'dfsdfsdfs',
  contactNo: '1234567890',
  pinCode: 201301,
  _id: 23,
  __v: 0 } 
2019-12-06 14:02:26: info app is running on port 3002 true 
2019-12-06 14:02:26: mongo database connected ... 
2019-12-06 14:03:04: info app is running on port 3002 true 
2019-12-06 14:03:05: mongo database connected ... 
2019-12-06 14:03:12: info app is running on port 3002 true 
2019-12-06 14:03:12: mongo database connected ... 
2019-12-06 14:03:14: info app is running on port 3002 true 
2019-12-06 14:03:14: mongo database connected ... 
2019-12-06 14:03:18: [object Object] 
2019-12-06 14:03:18: 24 
2019-12-06 14:03:18: 24 
2019-12-06 14:03:18: { status: true,
  organizationName: 'puresoftware123',
  logo: 'logo.jpg',
  address: 'dfsdfsdfs',
  contactNo: '1234567890',
  pinCode: 201301,
  _id: 24,
  __v: 0 } 
2019-12-06 14:03:19: [object Object] 
2019-12-06 14:03:19: 25 
2019-12-06 14:03:19: 25 
2019-12-06 14:03:19: { status: true,
  organizationName: 'puresoftware123',
  logo: 'logo.jpg',
  address: 'dfsdfsdfs',
  contactNo: '1234567890',
  pinCode: 201301,
  _id: 25,
  __v: 0 } 
2019-12-06 14:03:19: [object Object] 
2019-12-06 14:03:19: 26 
2019-12-06 14:03:19: 26 
2019-12-06 14:03:19: { status: true,
  organizationName: 'puresoftware123',
  logo: 'logo.jpg',
  address: 'dfsdfsdfs',
  contactNo: '1234567890',
  pinCode: 201301,
  _id: 26,
  __v: 0 } 
2019-12-06 14:03:20: [object Object] 
2019-12-06 14:03:20: 27 
2019-12-06 14:03:20: 27 
2019-12-06 14:03:20: { status: true,
  organizationName: 'puresoftware123',
  logo: 'logo.jpg',
  address: 'dfsdfsdfs',
  contactNo: '1234567890',
  pinCode: 201301,
  _id: 27,
  __v: 0 } 
2019-12-06 14:03:47: info app is running on port 3002 true 
2019-12-06 14:03:47: mongo database connected ... 
2019-12-06 14:03:50: [object Object] 
2019-12-06 14:03:50: 28 
2019-12-06 14:03:50: 28 
2019-12-06 14:03:50: { status: true,
  organizationName: 'puresoftware123',
  logo: 'logo.jpg',
  address: 'dfsdfsdfs',
  contactNo: '1234567890',
  pinCode: 201301,
  _id: 28,
  __v: 0 } 
2019-12-06 14:03:51: [object Object] 
2019-12-06 14:03:51: 29 
2019-12-06 14:03:51: 29 
2019-12-06 14:03:51: { status: true,
  organizationName: 'puresoftware123',
  logo: 'logo.jpg',
  address: 'dfsdfsdfs',
  contactNo: '1234567890',
  pinCode: 201301,
  _id: 29,
  __v: 0 } 
2019-12-06 14:05:00: info app is running on port 3002 true 
2019-12-06 14:05:00: mongo database connected ... 
2019-12-06 14:05:16: [object Object] 
2019-12-06 14:05:16: 30 
2019-12-06 14:05:16: 30 
2019-12-06 14:05:16: { status: true,
  organizationName: 'puresoftware',
  logo: 'logo.jpg',
  address: 'dfsdfsdfs',
  contactNo: '1234567890',
  pinCode: 201301,
  _id: 30,
  __v: 0 } 
2019-12-06 14:05:44: info app is running on port 3002 true 
2019-12-06 14:05:44: mongo database connected ... 
2019-12-06 14:05:46: info app is running on port 3002 true 
2019-12-06 14:05:46: mongo database connected ... 
2019-12-06 14:15:05: info app is running on port 3002 true 
2019-12-06 14:15:05: mongo database connected ... 
2019-12-06 14:26:09: info app is running on port 3002 true 
2019-12-06 14:26:09: mongo database connected ... 
2019-12-06 14:30:02: info app is running on port 3002 true 
2019-12-06 14:30:02: mongo database connected ... 
2019-12-06 15:15:39: info app is running on port 3002 true 
2019-12-06 15:15:39: mongo database connected ... 
2019-12-06 15:16:56: info app is running on port 3002 true 
2019-12-06 15:16:56: mongo database connected ... 
2019-12-06 15:17:01: undefined 
2019-12-06 15:17:02: undefined 
2019-12-06 15:17:11: info app is running on port 3002 true 
2019-12-06 15:17:12: mongo database connected ... 
2019-12-06 15:17:12: [object Object] 
2019-12-06 15:17:42: info app is running on port 3002 true 
2019-12-06 15:17:42: mongo database connected ... 
2019-12-06 15:17:46: [object Object] 
2019-12-06 15:18:00: info app is running on port 3002 true 
2019-12-06 15:18:00: mongo database connected ... 
2019-12-06 15:18:00: [object Object] 
2019-12-06 15:18:25: info app is running on port 3002 true 
2019-12-06 15:18:25: mongo database connected ... 
2019-12-06 15:19:31: info app is running on port 3002 true 
2019-12-06 15:19:31: mongo database connected ... 
2019-12-06 15:37:37: info app is running on port 3002 true 
2019-12-06 15:37:37: mongo database connected ... 
2019-12-06 15:37:40: info app is running on port 3002 true 
2019-12-06 15:37:40: mongo database connected ... 
2019-12-06 15:41:18: info app is running on port 3002 true 
2019-12-06 15:41:19: mongo database connected ... 
2019-12-06 15:41:20: info app is running on port 3002 true 
2019-12-06 15:41:20: mongo database connected ... 
2019-12-06 15:41:21: info app is running on port 3002 true 
2019-12-06 15:41:21: mongo database connected ... 
2019-12-06 15:41:24: /var/www/html/nodejs-api/src/helpers 
2019-12-06 15:41:42: info app is running on port 3002 true 
2019-12-06 15:41:42: mongo database connected ... 
2019-12-06 15:42:33: /var/www/html/nodejs-api/src/helpers 
2019-12-06 15:42:52: info app is running on port 3002 true 
2019-12-06 15:42:52: mongo database connected ... 
2019-12-06 15:43:20: info app is running on port 3002 true 
2019-12-06 15:43:20: mongo database connected ... 
2019-12-06 15:43:23: /var/www/html/nodejs-api/src/helpers 
2019-12-06 15:44:34: info app is running on port 3002 true 
2019-12-06 15:44:34: mongo database connected ... 
2019-12-06 15:44:50: info app is running on port 3002 true 
2019-12-06 15:44:50: mongo database connected ... 
2019-12-06 15:46:33: info app is running on port 3002 true 
2019-12-06 15:46:34: mongo database connected ... 
2019-12-06 15:56:11: info app is running on port 3002 true 
2019-12-06 15:56:11: mongo database connected ... 
2019-12-06 16:00:38: info app is running on port 3002 true 
2019-12-06 16:00:38: mongo database connected ... 
2019-12-06 16:00:40: info ss true 
2019-12-06 16:01:17: info laptop true 
2019-12-06 17:06:43: info laptop true 
2019-12-06 17:07:34: info app is running on port 3002 true 
2019-12-06 17:07:34: mongo database connected ... 
2019-12-06 17:07:37: info laptop true 
2019-12-06 17:08:12: info app is running on port 3002 
2019-12-06 17:08:12: mongo database connected ... 
2019-12-06 17:08:12: info laptop 
2019-12-06 17:12:13: info app is running on port 3002 
2019-12-06 17:12:13: mongo database connected ... 
2019-12-06 17:12:15: undefined 
2019-12-06 17:12:15: info laptop 
2019-12-06 17:12:44: info app is running on port 3002 
2019-12-06 17:12:44: mongo database connected ... 
2019-12-06 17:12:47: undefinedggg 
2019-12-06 17:12:47: info laptop 
2019-12-06 17:14:10: info app is running on port 3002 
2019-12-06 17:14:10: mongo database connected ... 
2019-12-06 17:14:11: undefinedggg 
2019-12-06 17:14:11: info undefined 
2019-12-06 17:14:13: undefinedggg 
2019-12-06 17:14:13: info undefined 
2019-12-06 17:14:18: info app is running on port 3002 
2019-12-06 17:14:18: mongo database connected ... 
2019-12-06 17:14:19: undefinedggg 
2019-12-06 17:14:19: info undefined 
2019-12-06 17:14:26: undefinedggg 
2019-12-06 17:14:26: info undefined 
2019-12-06 17:14:32: puresoftwareggg 
2019-12-06 17:14:32: info puresoftware 
2019-12-06 17:15:10: undefinedggg 
2019-12-06 17:15:10: info undefined 
2019-12-06 17:16:09: info app is running on port 3002 
2019-12-06 17:16:09: mongo database connected ... 
2019-12-06 17:16:12: undefinedggg 
2019-12-06 17:16:12: info undefined 
2019-12-06 17:17:04: undefinedggg 
2019-12-06 17:17:04: info undefined 
2019-12-06 17:18:49: undefinedggg 
2019-12-06 17:18:49: info undefined 
2019-12-06 17:18:50: undefinedggg 
2019-12-06 17:18:50: info undefined 
2019-12-06 17:18:50: undefinedggg 
2019-12-06 17:18:50: info undefined 
2019-12-06 17:18:51: undefinedggg 
2019-12-06 17:18:51: info undefined 
2019-12-06 17:18:51: undefinedggg 
2019-12-06 17:18:51: info undefined 
2019-12-06 17:20:17: info app is running on port 3002 
2019-12-06 17:20:18: mongo database connected ... 
2019-12-06 17:20:21: undefinedggg 
2019-12-06 17:20:21: info undefined 
2019-12-06 17:20:21: undefinedggg 
2019-12-06 17:20:21: info undefined 
2019-12-06 17:21:02: undefinedggg 
2019-12-06 17:21:02: info undefined 
2019-12-06 17:21:04: undefinedggg 
2019-12-06 17:21:04: info undefined 
2019-12-06 17:21:05: undefinedggg 
2019-12-06 17:21:05: info undefined 
2019-12-06 17:22:30: undefinedggg 
2019-12-06 17:22:30: info undefined 
2019-12-06 17:22:31: undefinedggg 
2019-12-06 17:22:31: info undefined 
2019-12-06 17:22:57: undefinedggg 
2019-12-06 17:22:57: info undefined 
2019-12-06 17:22:58: undefinedggg 
2019-12-06 17:22:58: info undefined 
2019-12-06 17:23:03: undefinedggg 
2019-12-06 17:23:03: info undefined 
2019-12-06 17:23:13: undefinedggg 
2019-12-06 17:23:13: info undefined 
2019-12-06 17:23:16: undefinedggg 
2019-12-06 17:23:16: info undefined 
2019-12-06 17:23:16: undefinedggg 
2019-12-06 17:23:16: info undefined 
2019-12-06 17:23:17: undefinedggg 
2019-12-06 17:23:17: info undefined 
2019-12-06 17:23:18: undefinedggg 
2019-12-06 17:23:18: info undefined 
2019-12-06 17:23:18: undefinedggg 
2019-12-06 17:23:18: info undefined 
2019-12-06 17:23:19: undefinedggg 
2019-12-06 17:23:19: info undefined 
2019-12-06 17:25:01: info app is running on port 3002 
2019-12-06 17:25:01: mongo database connected ... 
2019-12-06 17:25:17: undefinedggg 
2019-12-06 17:25:17: info undefined 
2019-12-06 17:25:17: undefinedggg 
2019-12-06 17:25:17: info undefined 
2019-12-06 17:25:18: undefinedggg 
2019-12-06 17:25:18: info undefined 
2019-12-06 17:25:19: undefinedggg 
2019-12-06 17:25:19: info undefined 
2019-12-06 17:25:20: undefinedggg 
2019-12-06 17:25:20: info undefined 
2019-12-06 17:29:33: undefinedggg 
2019-12-06 17:29:33: info undefined 
2019-12-06 17:29:40: undefinedggg 
2019-12-06 17:29:40: info undefined 
2019-12-06 17:29:57: info app is running on port 3002 
2019-12-06 17:29:57: mongo database connected ... 
2019-12-06 17:30:00: undefinedggg 
2019-12-06 17:30:00: info [object Object] 
2019-12-06 17:30:22: info app is running on port 3002 
2019-12-06 17:30:22: mongo database connected ... 
2019-12-06 17:30:23: undefinedggg 
2019-12-06 17:30:23: [object Object] 
2019-12-06 17:35:04: info app is running on port 3002 
2019-12-06 17:35:04: mongo database connected ... 
2019-12-06 17:35:05: undefinedggg 
2019-12-06 17:35:05: [object Object] 
2019-12-06 17:35:06: undefinedggg 
2019-12-06 17:35:06: [object Object] 
2019-12-06 17:35:31: undefinedggg 
2019-12-06 17:35:31: [object Object] 
2019-12-06 17:35:32: undefinedggg 
2019-12-06 17:35:32: [object Object] 
2019-12-06 17:35:33: undefinedggg 
2019-12-06 17:35:33: [object Object] 
2019-12-06 17:35:34: undefinedggg 
2019-12-06 17:35:34: [object Object] 
2019-12-06 17:35:34: undefinedggg 
2019-12-06 17:35:34: [object Object] 
2019-12-06 17:56:43: info app is running on port 3002 
2019-12-06 17:56:44: mongo database connected ... 
2019-12-06 17:56:53: undefinedggg 
2019-12-06 17:56:54: [object Object] 
2019-12-06 17:57:46: info app is running on port 3002 
2019-12-06 17:57:47: mongo database connected ... 
2019-12-06 17:57:49: undefinedggg 
2019-12-06 17:57:49: [object Object] 
2019-12-06 17:58:13: info app is running on port 3002 
2019-12-06 17:58:18: undefinedggg 
2019-12-06 17:58:19: mongo database connected ... 
2019-12-06 17:58:36: [object Object] 
2019-12-06 17:58:38: undefinedggg 
2019-12-06 17:58:38: [object Object] 
2019-12-06 17:59:06: info app is running on port 3002 
2019-12-06 17:59:06: mongo database connected ... 
2019-12-06 17:59:09: undefinedggg 
2019-12-06 17:59:09: undefined 
2019-12-06 17:59:43: ddddggg 
2019-12-06 17:59:43: dddd 
2019-12-06 18:00:44: undefinedggg 
2019-12-06 18:00:44: undefined 
2019-12-06 18:03:28: undefinedggg 
2019-12-06 18:03:28: undefined 
2019-12-06 18:03:29: undefinedggg 
2019-12-06 18:03:29: undefined 
2019-12-06 18:03:30: undefinedggg 
2019-12-06 18:03:30: undefined 
2019-12-06 18:03:38: undefinedggg 
2019-12-06 18:03:38: undefined 
2019-12-06 18:03:58: info app is running on port 3002 
2019-12-06 18:03:58: mongo database connected ... 
2019-12-06 18:04:00: undefinedggg 
2019-12-06 18:04:00: [object Object] 
2019-12-06 18:05:50: undefinedggg 
2019-12-06 18:05:50: [object Object] 
2019-12-06 18:05:51: undefinedggg 
2019-12-06 18:05:51: [object Object] 
2019-12-06 18:05:51: undefinedggg 
2019-12-06 18:05:51: [object Object] 
2019-12-06 18:05:52: undefinedggg 
2019-12-06 18:05:52: [object Object] 
2019-12-06 18:07:12: info app is running on port 3002 
2019-12-06 18:07:12: mongo database connected ... 
2019-12-06 18:07:14: undefinedggg 
2019-12-06 18:07:45: info app is running on port 3002 
2019-12-06 18:07:45: mongo database connected ... 
2019-12-06 18:07:49: undefinedggg 
2019-12-06 18:08:06: info app is running on port 3002 
2019-12-06 18:08:06: mongo database connected ... 
2019-12-06 18:08:08: undefinedggg 
2019-12-06 18:08:32: info app is running on port 3002 
2019-12-06 18:08:32: mongo database connected ... 
2019-12-06 18:08:34: undefinedggg 
2019-12-06 18:09:05: info app is running on port 3002 
2019-12-06 18:09:05: mongo database connected ... 
2019-12-06 18:09:06: undefinedggg 
2019-12-06 18:09:06: info undefined hhh 
2019-12-06 18:09:30: info app is running on port 3002 
2019-12-06 18:09:30: mongo database connected ... 
2019-12-06 18:09:33: undefinedggg 
2019-12-06 18:09:33: info undefined hhh 
2019-12-06 18:09:34: undefinedggg 
2019-12-06 18:09:34: info undefined hhh 
2019-12-06 18:09:35: undefinedggg 
2019-12-06 18:09:35: info undefined hhh 
2019-12-06 18:09:35: undefinedggg 
2019-12-06 18:09:35: info undefined hhh 
2019-12-06 18:09:49: info app is running on port 3002 
2019-12-06 18:09:49: mongo database connected ... 
2019-12-06 18:09:50: undefinedggg 
2019-12-06 18:09:50: info undefined 
2019-12-06 18:09:51: undefinedggg 
2019-12-06 18:09:51: info undefined 
2019-12-06 18:10:06: info app is running on port 3002 
2019-12-06 18:10:06: mongo database connected ... 
2019-12-06 18:10:08: undefinedggg 
2019-12-06 18:10:08: info undefined 
2019-12-06 18:10:09: undefinedggg 
2019-12-06 18:10:09: info undefined 
2019-12-06 18:10:09: undefinedggg 
2019-12-06 18:10:09: info undefined 
2019-12-06 18:10:22: undefinedggg 
2019-12-06 18:10:24: undefinedggg 
2019-12-06 18:14:03: info app is running on port 3002 
2019-12-06 18:14:03: mongo database connected ... 
2019-12-06 18:14:05: undefinedggg 
2019-12-06 18:14:05: info undefined 
2019-12-06 18:15:05: info app is running on port 3002 
2019-12-06 18:15:05: mongo database connected ... 
2019-12-06 18:15:08: info app is running on port 3002 
2019-12-06 18:15:08: mongo database connected ... 
2019-12-06 18:15:12: undefinedggg 
2019-12-06 18:15:12: info undefined 
2019-12-06 18:15:13: undefinedggg 
2019-12-06 18:15:13: info undefined 
2019-12-06 18:15:13: undefinedggg 
2019-12-06 18:15:13: info undefined 
2019-12-06 18:15:13: undefinedggg 
2019-12-06 18:15:13: info undefined 
2019-12-06 18:15:14: undefinedggg 
2019-12-06 18:15:14: info undefined 
2019-12-06 18:15:15: undefinedggg 
2019-12-06 18:15:15: info undefined 
2019-12-06 18:15:16: undefinedggg 
2019-12-06 18:15:16: info undefined 
2019-12-06 18:15:17: undefinedggg 
2019-12-06 18:15:17: info undefined 
2019-12-06 18:20:00: info app is running on port 3002 
2019-12-06 18:20:00: mongo database connected ... 
2019-12-06 18:20:46: undefinedggg 
2019-12-06 18:20:46: info undefined 
2019-12-06 18:20:47: undefinedggg 
2019-12-06 18:20:47: info undefined 
2019-12-06 18:31:46: info app is running on port 3002 
2019-12-06 18:31:46: mongo database connected ... 
2019-12-06 18:31:48: undefinedggg 
2019-12-06 18:31:48: info undefined 
2019-12-06 18:31:49: undefinedggg 
2019-12-06 18:31:49: info undefined 
2019-12-06 18:32:02: info app is running on port 3002 
2019-12-06 18:32:02: mongo database connected ... 
2019-12-06 18:32:02: undefinedggg 
2019-12-06 18:32:02: info undefined 
2019-12-06 18:32:03: undefinedggg 
2019-12-06 18:32:03: info undefined 
2019-12-06 18:32:18: undefinedggg 
2019-12-06 18:32:21: undefinedggg 
2019-12-06 18:32:21: info undefined 
2019-12-06 18:32:22: undefinedggg 
2019-12-06 18:32:22: info undefined 
2019-12-06 18:32:45: info app is running on port 3002 
2019-12-06 18:32:45: mongo database connected ... 
2019-12-06 18:43:54: info app is running on port 3002 
2019-12-06 18:43:54: mongo database connected ... 
2019-12-06 18:46:31: info app is running on port 3002 
2019-12-06 18:46:33: info undefined 
2019-12-06 18:46:34: info undefined 
2019-12-06 18:54:25: info undefined 
2019-12-06 18:54:26: info undefined 
2019-12-06 18:54:27: info undefined 
2019-12-06 18:54:27: info undefined 
2019-12-06 18:54:28: info undefined 
2019-12-06 18:54:28: info undefined 
2019-12-06 18:54:29: info undefined 
2019-12-06 18:54:29: info undefined 
2019-12-06 18:54:54: info undefined 
2019-12-06 18:54:55: info undefined 
2019-12-06 18:54:55: info undefined 
2019-12-06 18:54:55: info undefined 
2019-12-06 18:54:56: info undefined 
2019-12-06 18:55:40: info app is running on port 3002 
2019-12-06 18:55:45: info undefined 
2019-12-06 18:55:47: info undefined 
2019-12-06 18:56:08: info app is running on port 3002 
2019-12-06 18:56:11: info undefined 
2019-12-06 19:05:26: info app is running on port 3002 
2019-12-06 19:05:29: info undefined 
2019-12-06 19:05:30: info undefined 
2019-12-06 19:05:44: info undefined 
2019-12-06 19:05:45: info undefined 
2019-12-06 19:06:29: info app is running on port 3002 
2019-12-06 19:06:32: info undefined 
2019-12-06 19:06:33: info undefined 
2019-12-06 19:06:46: info app is running on port 3002 
2019-12-06 19:06:48: info undefined 
2019-12-06 19:06:49: info undefined 
2019-12-06 19:07:03: info app is running on port 3002 
2019-12-06 19:07:04: info undefined 
2019-12-06 19:07:05: info undefined 
2019-12-06 19:07:14: info app is running on port 3002 
2019-12-06 19:08:14: info app is running on port 3002 
2019-12-06 19:08:14: info undefined 
2019-12-06 19:08:15: info undefined 
2019-12-06 19:08:46: info app is running on port 3002 
2019-12-06 19:08:49: info undefined 
2019-12-06 19:08:50: info undefined 
2019-12-06 19:10:03: info app is running on port 3002 
2019-12-06 19:10:05: info undefined 
2019-12-06 19:10:31: info app is running on port 3002 
2019-12-06 19:10:32: info undefined 
2019-12-06 19:11:08: info app is running on port 3002 
2019-12-06 19:11:09: info app is running on port 3002 
2019-12-06 19:15:25: info undefined 
2019-12-06 19:27:56: info undefined 
2019-12-06 19:38:59: info app is running on port 3002 
2019-12-06 19:39:01: info undefined 
2019-12-06 19:40:18: info app is running on port 3002 
2019-12-06 19:40:39: info app is running on port 3002 
2019-12-06 19:40:39: info undefined 
2019-12-06 19:41:36: info app is running on port 3002 
2019-12-06 19:41:38: info undefined 
2019-12-06 19:54:07: info app is running on port 3002 
2019-12-06 19:57:09: info app is running on port 3002 
2019-12-06 19:57:17: info app is running on port 3002 
2019-12-06 20:00:50: info app is running on port 3002 
2019-12-06 20:01:14: info app is running on port 3002 
2019-12-06 20:01:18: info app is running on port 3002 
2019-12-06 20:05:23: info app is running on port 3002 
2019-12-06 20:05:28: info app is running on port 3002 
2019-12-06 20:05:43: info app is running on port 3002 
2019-12-06 20:05:54: info app is running on port 3002 
2019-12-06 20:05:59: info undefined 
2019-12-06 20:06:55: info app is running on port 3002 
2019-12-06 20:06:57: info undefined 
2019-12-06 20:07:06: info undefined 
2019-12-06 20:07:56: info app is running on port 3002 
2019-12-06 20:07:57: info app is running on port 3002 
2019-12-07 10:47:48: info undefined 
2019-12-07 10:49:29: info undefined 
2019-12-07 10:49:40: info undefined 
